<?xml version="1.0" encoding="UTF-8"?>
<testng-results skipped="0" failed="1" total="1" passed="0">
  <reporter-output>
  </reporter-output>
  <suite name="Default suite" duration-ms="15659" started-at="2019-02-27T06:02:17Z" finished-at="2019-02-27T06:02:32Z">
    <groups>
    </groups>
    <test name="Default test" duration-ms="15659" started-at="2019-02-27T06:02:17Z" finished-at="2019-02-27T06:02:32Z">
      <class name="Home_page.Daily_IE">
        <test-method status="PASS" signature="initializeDriver()[pri:0, instance:Home_page.Daily_IE@cb5822]" name="initializeDriver" is-config="true" duration-ms="15062" started-at="2019-02-27T11:32:17Z" finished-at="2019-02-27T11:32:32Z">
          <reporter-output>
          </reporter-output>
        </test-method> <!-- initializeDriver -->
        <test-method status="FAIL" signature="testdata1()[pri:0, instance:Home_page.Daily_IE@cb5822]" name="testdata1" duration-ms="516" started-at="2019-02-27T11:32:32Z" finished-at="2019-02-27T11:32:32Z">
          <exception class="java.lang.ClassCastException">
            <message>
              <![CDATA[org.openqa.selenium.interactions.Actions cannot be cast to org.openqa.selenium.interactions.Action]]>
            </message>
            <full-stacktrace>
              <![CDATA[java.lang.ClassCastException: org.openqa.selenium.interactions.Actions cannot be cast to org.openqa.selenium.interactions.Action
	at Home_page.Daily_IE.testdata1(Daily_IE.java:53)
	at sun.reflect.NativeMethodAccessorImpl.invoke0(Native Method)
	at sun.reflect.NativeMethodAccessorImpl.invoke(NativeMethodAccessorImpl.java:62)
	at sun.reflect.DelegatingMethodAccessorImpl.invoke(DelegatingMethodAccessorImpl.java:43)
	at java.lang.reflect.Method.invoke(Method.java:498)
	at org.testng.internal.MethodInvocationHelper.invokeMethod(MethodInvocationHelper.java:85)
	at org.testng.internal.Invoker.invokeMethod(Invoker.java:639)
	at org.testng.internal.Invoker.invokeTestMethod(Invoker.java:816)
	at org.testng.internal.Invoker.invokeTestMethods(Invoker.java:1124)
	at org.testng.internal.TestMethodWorker.invokeTestMethods(TestMethodWorker.java:125)
	at org.testng.internal.TestMethodWorker.run(TestMethodWorker.java:108)
	at org.testng.TestRunner.privateRun(TestRunner.java:774)
	at org.testng.TestRunner.run(TestRunner.java:624)
	at org.testng.SuiteRunner.runTest(SuiteRunner.java:359)
	at org.testng.SuiteRunner.runSequentially(SuiteRunner.java:354)
	at org.testng.SuiteRunner.privateRun(SuiteRunner.java:312)
	at org.testng.SuiteRunner.run(SuiteRunner.java:261)
	at org.testng.SuiteRunnerWorker.runSuite(SuiteRunnerWorker.java:52)
	at org.testng.SuiteRunnerWorker.run(SuiteRunnerWorker.java:86)
	at org.testng.TestNG.runSuitesSequentially(TestNG.java:1215)
	at org.testng.TestNG.runSuitesLocally(TestNG.java:1140)
	at org.testng.TestNG.run(TestNG.java:1048)
	at org.testng.remote.AbstractRemoteTestNG.run(AbstractRemoteTestNG.java:114)
	at org.testng.remote.RemoteTestNG.initAndRun(RemoteTestNG.java:251)
	at org.testng.remote.RemoteTestNG.main(RemoteTestNG.java:77)
]]>
            </full-stacktrace>
          </exception> <!-- java.lang.ClassCastException -->
          <reporter-output>
          </reporter-output>
        </test-method> <!-- testdata1 -->
      </class> <!-- Home_page.Daily_IE -->
    </test> <!-- Default test -->
  </suite> <!-- Default suite -->
</testng-results>
